<?xml version="1.0" encoding="UTF-8"?>
<!-- Generated by org.testng.reporters.JUnitReportReporter -->
<testsuite hostname="DESKTOP-QAGKNHM" failures="0" tests="1" name="sampleTest.PollTest" time="0.016" errors="0" timestamp="2022-11-04T20:45:15 IST" skipped="0">
  <testcase classname="sampleTest.PollTest" name="scm" time="0.016"/>
  <system-out/>
</testsuite> <!-- sampleTest.PollTest -->
