<?xml version="1.0" encoding="UTF-8"?>
<!-- Generated by org.testng.reporters.JUnitReportReporter -->
<<<<<<< HEAD
<testsuite hostname="DESKTOP-QAGKNHM" failures="0" tests="4" name="sampleTest.PracticeTest" time="0.021" errors="0" timestamp="2022-11-02T19:08:10 IST" skipped="0">
  <testcase classname="sampleTest.PracticeTest" name="script1" time="0.013"/>
=======
<testsuite hostname="DESKTOP-QAGKNHM" failures="0" tests="3" name="sampleTest.PracticeTest" time="0.023" errors="0" timestamp="2022-11-02T18:59:32 IST" skipped="0">
  <testcase classname="sampleTest.PracticeTest" name="script3" time="0.003"/>
>>>>>>> branch 'master' of https://github.com/chandu449/AutodeskFramework
  <system-out/>
  <testcase classname="sampleTest.PracticeTest" name="script2" time="0.003"/>
  <system-out/>
  <testcase classname="sampleTest.PracticeTest" name="script1" time="0.017"/>
  <system-out/>
  <testcase classname="sampleTest.PracticeTest" name="script3" time="0.002"/>
  <system-out/>
  <testcase classname="sampleTest.PracticeTest" name="script4" time="0.004"/>
  <system-out/>
</testsuite> <!-- sampleTest.PracticeTest -->
