<?xml version="1.0" encoding="UTF-8"?>
<!-- Generated by org.testng.reporters.JUnitReportReporter -->
<testsuite hostname="DESKTOP-QAGKNHM" failures="0" tests="1" name="sampleTest.ReadDataInRuntimeTest" time="0.017" errors="0" timestamp="2022-11-03T13:56:59 IST" skipped="0">
  <testcase classname="sampleTest.ReadDataInRuntimeTest" name="readTest" time="0.017"/>
  <system-out/>
</testsuite> <!-- sampleTest.ReadDataInRuntimeTest -->
