<?xml version="1.0" encoding="UTF-8"?>
<!-- Generated by org.testng.reporters.JUnitReportReporter -->
<testsuite hostname="DESKTOP-QAGKNHM" failures="0" tests="4" name="sampleTest.PracticeTest" time="0.037" errors="0" timestamp="2022-11-03T19:49:27 IST" skipped="0">
  <testcase classname="sampleTest.PracticeTest" name="script4" time="0.004"/>
  <system-out/>
  <testcase classname="sampleTest.PracticeTest" name="script2" time="0.003"/>
  <system-out/>
  <testcase classname="sampleTest.PracticeTest" name="script3" time="0.003"/>
  <system-out/>
  <testcase classname="sampleTest.PracticeTest" name="script1" time="0.027"/>
  <system-out/>
</testsuite> <!-- sampleTest.PracticeTest -->
