<?xml version="1.0" encoding="UTF-8"?>
<!-- Generated by org.testng.reporters.JUnitReportReporter -->
<testsuite hostname="DESKTOP-QAGKNHM" failures="0" tests="1" name="sampleTest.ReadDataInRuntime" time="0.016" errors="0" timestamp="2022-11-01T19:35:26 IST" skipped="0">
  <testcase classname="sampleTest.ReadDataInRuntime" name="read" time="0.016"/>
  <system-out/>
</testsuite> <!-- sampleTest.ReadDataInRuntime -->
