<?xml version="1.0" encoding="UTF-8"?>
<!-- Generated by org.testng.reporters.JUnitReportReporter -->
<testsuite hostname="DESKTOP-QAGKNHM" failures="0" tests="2" name="sampleTest.PracticeTest" time="0.024" errors="0" timestamp="2022-11-01T20:16:37 IST" skipped="0">
  <testcase classname="sampleTest.PracticeTest" name="script1" time="0.022"/>
  <system-out/>
  <testcase classname="sampleTest.PracticeTest" name="script2" time="0.002"/>
  <system-out/>
</testsuite> <!-- sampleTest.PracticeTest -->
