<?xml version="1.0" encoding="UTF-8"?>
<!-- Generated by org.testng.reporters.JUnitReportReporter -->
<testsuite hostname="DESKTOP-QAGKNHM" failures="0" tests="3" name="sampleTest.SampleTest" time="0.023" errors="0" timestamp="2022-11-03T13:56:48 IST" skipped="0">
  <testcase classname="sampleTest.SampleTest" name="method1Test" time="0.015"/>
  <system-out/>
  <testcase classname="sampleTest.SampleTest" name="method2Test" time="0.006"/>
  <system-out/>
  <testcase classname="sampleTest.SampleTest" name="method3Test" time="0.002"/>
  <system-out/>
</testsuite> <!-- sampleTest.SampleTest -->
