<?xml version="1.0" encoding="UTF-8"?>
<!-- Generated by org.testng.reporters.JUnitReportReporter -->
<testsuite hostname="DESKTOP-QAGKNHM" failures="0" tests="2" name="sampleTest.SampleTest" time="0.020" errors="0" timestamp="2022-11-02T18:41:59 IST" skipped="0">
  <testcase classname="sampleTest.SampleTest" name="method1Test" time="0.017"/>
  <system-out/>
  <testcase classname="sampleTest.SampleTest" name="method2Test" time="0.003"/>
  <system-out/>
</testsuite> <!-- sampleTest.SampleTest -->
